<?xml version="1.0" encoding="UTF-8"?>
<!-- Generated by org.testng.reporters.JUnitReportReporter -->
<testsuite hostname="viswas-PC" name="TestOnContactPage" tests="1" failures="0" timestamp="1 Sep 2016 04:18:06 GMT" time="35.502" errors="0">
  <testcase name="AddcontactValid" time="35.502" classname="TestOnContactPage"/>
</testsuite> <!-- TestOnContactPage -->
